# time n0 n1 n2o n3 n4 n5 n6 n7 n8i n9 
0.000000 0.000000 0.999967 0.532871 1.000000 0.092836 0.000008 0.000000 1.000000 0.500000 1.000000 
0.020000 0.000000 0.999982 0.214383 1.000000 0.092836 0.000000 0.000000 1.000000 0.938018 1.000000 
0.040000 0.000000 0.999948 0.701504 1.000000 0.092836 0.000000 0.000000 1.000000 0.500372 1.000000 
0.060000 0.000020 0.999948 0.701504 1.000000 1.000000 0.000000 0.000000 1.000000 0.692082 1.000000 
0.080000 0.000011 0.999948 0.477117 1.000000 1.000000 0.000000 0.000000 1.000000 0.501484 1.000000 
0.100000 0.000003 0.999999 0.476640 1.000000 1.000000 0.000000 0.000000 1.000000 0.501864 1.000000 
0.120000 0.000003 0.999999 0.476637 1.000000 1.000000 0.000000 0.000000 1.000000 0.501875 1.000000 
0.140000 0.000003 0.999999 0.477076 1.000000 1.000000 0.000000 0.000000 1.000000 0.501518 1.000000 
0.160000 0.000003 0.999999 0.477076 1.000000 1.000000 0.000000 0.000000 1.000000 0.500790 1.000000 
0.180000 0.000003 0.999999 0.477076 1.000000 1.000000 0.000000 0.000000 1.000000 0.806335 1.000000 
0.200000 0.000003 0.999999 0.481129 1.000000 1.000000 0.000000 0.000000 1.000000 0.804590 1.000000 
0.220000 0.000003 0.999999 0.481129 1.000000 1.000000 0.000000 0.000000 1.000000 0.804590 1.000000 
0.240000 0.000003 0.999999 0.486137 1.000000 1.000000 0.000000 0.000000 1.000000 0.494141 1.000000 
0.260000 0.000003 0.999999 0.486137 1.000000 1.000000 0.000000 0.000000 1.000000 0.802417 1.000000 
0.280000 0.000003 0.999999 0.486137 1.000000 1.000000 0.000000 0.000000 1.000000 0.802417 1.000000 
0.300000 0.000009 0.999999 0.486137 1.000000 1.000000 0.000000 0.000000 1.000000 0.802412 1.000000 
0.320000 0.000009 0.999999 0.486137 1.000000 1.000000 0.000000 0.000000 1.000000 0.483770 1.000000 
0.340000 0.000002 0.999999 0.110910 1.000000 1.000000 0.000000 0.000000 1.000000 0.905935 1.000000 
0.360000 0.000002 0.999999 0.104601 1.000000 1.000000 0.000000 0.000000 1.000000 0.919284 1.000000 
0.380000 0.000003 0.999999 0.510250 1.000000 1.000000 0.000000 0.000000 1.000000 0.474534 1.000000 
0.400000 0.000003 0.999999 0.510250 1.000000 1.000000 0.000000 0.000000 1.000000 0.791701 1.000000 
0.420000 0.000003 0.999999 0.517561 1.000000 1.000000 0.000000 0.000000 1.000000 0.788368 1.000000 
0.440000 0.000002 0.999999 0.181968 1.000000 1.000000 0.000000 0.000000 1.000000 0.903556 1.000000 
0.460000 0.000002 1.000000 0.181968 1.000000 1.000000 0.000000 0.000000 1.000000 0.903556 1.000000 
0.480000 0.000002 1.000000 0.104711 1.000000 1.000000 0.000000 0.000000 1.000000 0.919046 1.000000 
0.500000 0.000002 1.000000 0.104024 1.000000 1.000000 0.000000 0.000000 1.000000 0.920677 1.000000 
0.520000 0.000002 1.000000 0.104024 1.000000 1.000000 0.000000 0.000000 1.000000 0.920677 1.000000 
0.540000 0.000002 1.000000 0.103961 1.000000 1.000000 0.000000 0.000000 1.000000 0.920677 1.000000 
0.560000 0.000002 1.000000 0.193222 1.000000 1.000000 0.000000 0.000000 1.000000 0.773362 1.000000 
0.580000 0.000002 1.000000 0.113416 1.000000 1.000000 0.000000 0.000000 1.000000 0.918771 1.000000 
0.600000 0.000004 1.000000 0.563240 1.000000 1.000000 0.000000 0.000000 1.000000 0.431176 1.000000 
0.620000 0.000004 0.999998 0.563240 1.000000 1.000000 0.000000 0.000000 0.999999 0.425563 1.000000 
0.640000 0.000004 0.999998 0.576440 1.000000 1.000000 0.000000 0.000000 0.999999 0.760113 1.000000 
0.660000 0.000013 0.999999 0.576440 1.000000 1.000000 0.000000 0.000000 0.999999 0.760113 1.000000 
0.680000 0.000013 0.999999 0.588227 1.000000 1.000000 0.000000 0.000000 0.999999 0.754148 1.000000 
0.700000 0.000013 0.999999 0.208379 1.000000 1.000000 0.000000 0.000000 1.000000 0.897038 1.000000 
0.720000 0.000003 1.000000 0.208379 1.000000 1.000000 0.000000 0.000000 1.000000 0.897044 1.000000 
0.740000 0.000003 1.000000 0.208379 1.000000 1.000000 0.000000 0.000000 1.000000 0.897043 1.000000 
0.760000 0.000003 1.000000 0.208379 1.000000 1.000000 0.000000 0.000000 1.000000 0.897043 1.000000 
0.780000 0.000003 0.999997 0.620583 1.000000 1.000000 0.000000 0.000000 1.000000 0.382860 1.000000 
0.800000 0.000015 0.999997 0.620583 1.000000 1.000000 0.000000 0.000000 0.999998 0.737303 1.000000 
0.820000 0.000005 0.999997 0.634740 1.000000 1.000000 0.000000 0.000000 0.999998 0.370546 1.000000 
0.840000 0.000005 0.999997 0.641376 1.000000 1.000000 0.000000 0.000000 0.999998 0.726084 1.000000 
0.860000 0.000005 0.999997 0.647731 1.000000 1.000000 0.000000 0.000000 0.999998 0.722596 1.000000 
0.880000 0.000002 0.999997 0.235157 1.000000 1.000000 0.000000 0.000000 0.999998 0.722596 1.000000 
0.900000 0.000001 1.000000 0.235157 1.000000 1.000000 0.000000 0.000000 1.000000 0.347652 1.000000 
0.920000 0.000001 1.000000 0.118861 1.000000 1.000000 0.000000 0.000000 1.000000 0.890046 1.000000 
0.940000 0.000002 1.000000 0.105358 1.000000 1.000000 0.000000 0.000000 1.000000 0.917648 1.000000 
0.960000 0.000002 1.000000 0.105358 1.000000 1.000000 0.000000 0.000000 1.000000 0.920409 1.000000 
0.980000 0.000002 1.000000 0.692040 1.000000 1.000000 0.000000 0.000000 1.000000 0.697543 1.000000 
1.000000 0.000019 1.000000 0.692040 1.000000 1.000000 0.000000 0.000000 0.999999 0.697543 1.000000 
1.020000 0.000019 0.999995 0.692040 1.000000 1.000000 0.000000 0.000000 0.999999 0.697527 1.000000 
1.040000 0.000019 0.999995 0.692040 1.000000 1.000000 0.000000 0.000000 0.999996 0.697524 1.000000 
1.060000 0.000019 0.999997 0.258044 1.000000 1.000000 0.000000 0.000000 0.999996 0.697523 1.000000 
1.080000 0.000000 1.000000 0.258044 1.000000 1.000000 0.000001 0.000000 0.999996 0.278585 1.000000 
1.100000 0.000006 1.000000 0.740530 1.000000 1.000000 0.000000 0.000000 1.000000 0.668707 1.000000 
1.120000 0.000006 0.999992 0.748773 1.000000 1.000000 0.000001 0.000000 0.999998 0.663677 1.000000 
1.140000 0.000006 0.999992 0.748773 1.000000 1.000000 0.000001 0.000000 0.999994 0.663670 1.000000 
1.160000 0.000006 0.999992 0.748773 1.000000 1.000000 0.000001 0.000000 0.999994 0.243451 0.999999 
1.180000 0.000006 0.999995 0.772148 1.000000 1.000000 0.000000 0.000000 0.999998 0.649183 0.999999 
1.200000 0.000007 0.999990 0.779519 1.000000 1.000000 0.000001 0.000000 0.999998 0.226180 0.999999 
1.220000 0.000026 0.999995 0.779519 1.000000 1.000000 0.000000 0.000000 0.999998 0.644563 1.000000 
1.240000 0.000007 0.999989 0.793699 1.000000 1.000000 0.000000 0.000000 0.999990 0.208991 1.000000 
1.260000 0.000007 0.999989 0.800553 1.000000 1.000000 0.000001 0.000000 0.999989 0.200398 1.000000 
1.280000 0.000007 0.999988 0.807227 1.000000 1.000000 0.000001 0.000000 0.999989 0.191793 0.999999 
1.300000 0.000002 1.000000 0.329859 1.000000 1.000000 0.000000 0.000000 0.999989 0.861874 0.999999 
1.320000 0.000007 0.999986 0.820591 1.000000 1.000000 0.000001 0.000000 0.999987 0.173857 0.999999 
1.340000 0.000031 0.999992 0.827270 1.000000 1.000000 0.000001 0.000000 0.999987 0.613952 0.999999 
1.360000 0.000007 0.999985 0.827270 1.000000 1.000000 0.000001 0.000000 0.999985 0.155077 0.999999 
1.380000 0.000032 0.999991 0.353543 1.000000 1.000000 0.000001 0.000000 0.999985 0.605517 0.999999 
1.400000 0.000000 0.999991 0.846793 1.000000 1.000000 0.000001 0.000000 0.999996 0.601151 1.000000 
1.420000 0.000000 0.999991 0.853245 1.000000 1.000000 0.000001 0.000000 0.999996 0.596916 0.999999 
1.440000 0.000007 0.999991 0.859552 1.000000 1.000000 0.000001 0.000000 0.999979 0.114671 0.999999 
1.460000 0.000007 0.999980 0.865697 1.000000 1.000000 0.000001 0.000000 0.999977 0.104131 0.999998 
1.480000 0.000007 1.000000 0.372770 1.000000 1.000000 0.000000 0.000000 0.999995 0.588635 1.000000 
1.500000 0.000007 1.000000 0.877830 1.000000 1.000000 0.000000 0.000000 0.999995 0.580540 1.000000 
1.520000 0.000007 1.000000 0.877830 1.000000 1.000000 0.000001 0.000000 0.999972 0.580508 0.999998 
1.540000 0.000007 0.999989 0.382195 1.000000 1.000000 0.000000 0.000000 0.999972 0.580508 1.000000 
1.560000 0.000000 0.999989 0.144831 1.000000 1.000000 0.000000 0.000000 1.000000 0.912083 1.000000 
1.580000 0.000000 1.000000 0.901491 1.000000 1.000000 0.000000 0.000000 1.000000 0.032878 1.000000 
1.600000 0.000007 0.999971 0.907240 1.000000 1.000000 0.000000 0.000000 1.000000 0.019362 0.999997 
1.620000 0.000040 0.999969 0.907240 1.000000 1.000000 0.000000 0.000000 0.999993 0.560782 1.000000 
1.640000 0.000007 0.999969 0.914971 1.000000 1.000000 0.000002 0.000000 0.999955 0.555481 1.000000 
1.660000 0.000007 0.999968 0.914971 1.000000 1.000000 0.000002 0.000000 0.999955 0.000000 0.999997 
1.680000 0.000041 0.999985 0.914971 1.000000 1.000000 0.000000 0.000000 0.999955 0.555482 1.000000 
1.700000 0.000041 0.999985 0.914954 1.000000 1.000000 0.000002 0.000000 0.999955 0.000000 0.999997 
1.720000 0.000041 0.999999 0.411696 1.000000 1.000000 0.000002 0.000000 0.999955 0.555427 1.000000 
1.740000 0.000041 0.999999 0.411696 1.000000 1.000000 0.000001 0.000000 0.999999 0.000000 1.000000 
1.760000 0.000041 1.000000 0.151613 1.000000 1.000000 0.000000 0.000000 0.999999 0.832832 1.000000 
1.780000 0.000007 1.000000 0.914953 1.000000 1.000000 0.000000 0.000000 0.999999 0.555518 1.000000 
1.800000 0.000007 0.999968 0.914953 1.000000 1.000000 0.000000 0.000000 0.999999 0.555556 1.000000 
1.820000 0.000041 0.999985 0.914953 1.000000 1.000000 0.000000 0.000000 0.999993 0.555556 1.000000 
1.840000 0.000007 0.999985 0.914954 1.000000 1.000000 0.000000 0.000000 0.999955 0.000000 0.999997 
1.860000 0.000003 0.999999 0.411707 1.000000 1.000000 0.000000 0.000000 0.999955 0.555462 1.000000 
1.880000 0.000003 0.999999 0.411707 1.000000 1.000000 0.000000 0.000000 0.999999 0.832857 1.000000 
1.900000 0.000003 0.999968 0.914954 1.000000 1.000000 0.000002 0.000000 0.999999 0.000000 0.999997 
1.920000 0.000003 0.999968 0.411539 1.000000 1.000000 0.000002 0.000000 0.999999 0.555559 1.000000 
1.940000 0.000000 0.999985 0.914955 1.000000 1.000000 0.000002 0.000000 0.999999 0.555563 1.000000 
1.960000 0.000007 0.999968 0.914952 1.000000 1.000000 0.000002 0.000000 0.999999 0.000000 1.000000 
1.980000 0.000007 0.999968 0.914971 1.000000 1.000000 0.000002 0.000000 0.999955 0.000000 1.000000 
2.000000 0.000041 0.999985 0.914971 1.000000 1.000000 0.000000 0.000000 0.999955 0.555417 1.000000 
2.020000 0.000041 0.999967 0.914971 1.000000 1.000000 0.000000 0.000000 0.999955 0.555438 1.000000 
2.040000 0.000041 0.999967 0.914971 1.000000 1.000000 0.000000 0.000000 0.999993 0.555437 0.999997 
2.060000 0.000041 0.999967 0.914939 1.000000 1.000000 0.000002 0.000000 0.999993 0.000000 0.999997 
2.080000 0.000041 0.999968 0.914939 1.000000 1.000000 0.000002 0.000000 0.999993 0.555511 0.999997 
2.100000 0.000041 0.999985 0.411548 1.000000 1.000000 0.000002 0.000000 0.999993 0.555511 1.000000 
