# time n0i n1 n2o 
0.000000 0.500000 0.653351 0.564671 
0.020000 0.501614 0.585296 0.469124 
0.040000 0.503102 0.703339 0.513610 
0.060000 0.504636 0.652456 0.431488 
0.080000 0.506029 0.745752 0.464046 
0.100000 0.507444 0.712248 0.399844 
0.120000 0.508746 0.778331 0.420340 
0.140000 0.510059 0.759628 0.375522 
0.160000 0.511295 0.801532 0.386054 
0.180000 0.512535 0.793120 0.357838 
0.200000 0.513689 0.817517 0.361753 
0.220000 0.514782 0.814959 0.345240 
0.240000 0.515716 0.828448 0.345727 
0.260000 0.516495 0.828479 0.336543 
0.280000 0.517065 0.835662 0.335865 
0.300000 0.517423 0.836340 0.331095 
0.320000 0.517541 0.839875 0.330550 
0.340000 0.517414 0.840206 0.328562 
0.360000 0.517031 0.841449 0.328800 
0.380000 0.516393 0.840968 0.328780 
0.400000 0.515498 0.840547 0.330092 
0.420000 0.514354 0.839037 0.331658 
0.440000 0.512967 0.837211 0.334167 
0.460000 0.511351 0.834555 0.337144 
0.480000 0.509521 0.831403 0.340890 
0.500000 0.507498 0.827515 0.345188 
0.520000 0.505306 0.823035 0.350169 
0.540000 0.502969 0.817841 0.355722 
0.560000 0.500520 0.811996 0.361901 
0.580000 0.497993 0.805439 0.368632 
0.600000 0.495423 0.798207 0.375923 
0.620000 0.492852 0.790277 0.383708 
0.640000 0.490323 0.781694 0.391955 
0.660000 0.487882 0.772482 0.400582 
0.680000 0.485578 0.762719 0.409516 
0.700000 0.483461 0.752492 0.418640 
0.720000 0.481584 0.741944 0.427828 
0.740000 0.479999 0.731250 0.436908 
0.760000 0.478758 0.720648 0.445690 
0.780000 0.477913 0.710420 0.453936 
0.800000 0.477512 0.700917 0.461382 
0.820000 0.477599 0.692532 0.467725 
0.840000 0.478212 0.685711 0.472637 
0.860000 0.479382 0.680922 0.475772 
0.880000 0.480776 0.678361 0.477235 
0.900000 0.482237 0.677807 0.477093 
0.920000 0.483709 0.679142 0.475570 
0.940000 0.485172 0.682077 0.472775 
0.960000 0.486616 0.686458 0.468916 
0.980000 0.488037 0.692006 0.464109 
1.000000 0.489433 0.698553 0.458550 
1.020000 0.490802 0.705841 0.452359 
1.040000 0.492143 0.713697 0.445720 
1.060000 0.493457 0.721890 0.438753 
1.080000 0.494742 0.730264 0.431620 
1.100000 0.496000 0.738630 0.424429 
1.120000 0.497232 0.746868 0.417308 
1.140000 0.498439 0.754845 0.410337 
1.160000 0.499622 0.762489 0.403603 
1.180000 0.500784 0.769729 0.397149 
1.200000 0.501927 0.776540 0.391017 
1.220000 0.503053 0.782901 0.385217 
1.240000 0.504164 0.788824 0.379758 
1.260000 0.505262 0.794323 0.374624 
1.280000 0.506350 0.799428 0.369800 
1.300000 0.507415 0.804162 0.365279 
1.320000 0.508431 0.808531 0.361075 
1.340000 0.509374 0.812527 0.357206 
1.360000 0.510222 0.816136 0.353701 
1.380000 0.510955 0.819340 0.350587 
1.400000 0.511557 0.822124 0.347891 
1.420000 0.512010 0.824471 0.345638 
1.440000 0.512303 0.826369 0.343848 
1.460000 0.512425 0.827807 0.342538 
1.480000 0.512368 0.828778 0.341721 
1.500000 0.512127 0.829276 0.341405 
1.520000 0.511700 0.829296 0.341596 
1.540000 0.511086 0.828834 0.342298 
1.560000 0.510291 0.827887 0.343509 
1.580000 0.509319 0.826450 0.345229 
1.600000 0.508180 0.824523 0.347450 
1.620000 0.506886 0.822101 0.350167 
1.640000 0.505451 0.819184 0.353368 
1.660000 0.503893 0.815772 0.357039 
1.680000 0.502231 0.811867 0.361162 
1.700000 0.500488 0.807476 0.365715 
1.720000 0.498689 0.802610 0.370668 
1.740000 0.496862 0.797287 0.375988 
1.760000 0.495036 0.791534 0.381631 
1.780000 0.493243 0.785390 0.387545 
1.800000 0.491515 0.778905 0.393666 
1.820000 0.489888 0.772150 0.399918 
1.840000 0.488397 0.765213 0.406213 
1.860000 0.487077 0.758204 0.412443 
1.880000 0.485964 0.751259 0.418488 
1.900000 0.485094 0.744539 0.424209 
1.920000 0.484499 0.738231 0.429451 
1.940000 0.484210 0.732547 0.434043 
1.960000 0.484255 0.727719 0.437803 
1.980000 0.484655 0.723990 0.440539 
2.000000 0.485429 0.721609 0.442063 
2.020000 0.486262 0.720573 0.442603 
2.040000 0.487204 0.720679 0.442099 
2.060000 0.488173 0.721932 0.440792 
2.080000 0.489141 0.724045 0.438715 
2.100000 0.490097 0.726960 0.436078 
2.120000 0.491038 0.730438 0.432926 
2.140000 0.491961 0.734415 0.429426 
2.160000 0.492865 0.738702 0.425623 
2.180000 0.493751 0.743242 0.421646 
2.200000 0.494618 0.747893 0.417535 
2.220000 0.495467 0.752610 0.413384 
2.240000 0.496297 0.757294 0.409225 
2.260000 0.497111 0.761916 0.405121 
2.280000 0.497910 0.766412 0.401092 
2.300000 0.498693 0.770769 0.397175 
2.320000 0.499462 0.774954 0.393380 
2.340000 0.500219 0.778965 0.389725 
2.360000 0.500965 0.782789 0.386208 
2.380000 0.501701 0.786434 0.382836 
2.400000 0.502428 0.789900 0.379601 
2.420000 0.503148 0.793200 0.376500 
2.440000 0.503862 0.796341 0.373523 
2.460000 0.504570 0.799337 0.370662 
2.480000 0.505259 0.802189 0.367927 
2.500000 0.505912 0.804883 0.365335 
2.520000 0.506514 0.807402 0.362910 
2.540000 0.507052 0.809722 0.360679 
2.560000 0.507513 0.811818 0.358671 
2.580000 0.507887 0.813667 0.356912 
2.600000 0.508161 0.815246 0.355428 
2.620000 0.508329 0.816535 0.354243 
2.640000 0.508383 0.817516 0.353375 
2.660000 0.508318 0.818175 0.352839 
2.680000 0.508130 0.818501 0.352650 
2.700000 0.507819 0.818484 0.352815 
2.720000 0.507384 0.818117 0.353339 
2.740000 0.506828 0.817396 0.354226 
2.760000 0.506157 0.816318 0.355472 
2.780000 0.505375 0.814883 0.357074 
2.800000 0.504493 0.813093 0.359024 
2.820000 0.503520 0.810953 0.361310 
2.840000 0.502469 0.808472 0.363918 
2.860000 0.501354 0.805659 0.366826 
2.880000 0.500191 0.802531 0.370013 
2.900000 0.498998 0.799107 0.373449 
2.920000 0.497794 0.795415 0.377101 
2.940000 0.496599 0.791487 0.380929 
2.960000 0.495435 0.787365 0.384886 
2.980000 0.494324 0.783097 0.388920 
3.000000 0.493289 0.778745 0.392970 
3.020000 0.492352 0.774379 0.396968 
3.040000 0.491537 0.770079 0.400838 
3.060000 0.490865 0.765939 0.404497 
3.080000 0.490358 0.762062 0.407856 
3.100000 0.490036 0.758560 0.410819 
3.120000 0.489915 0.755552 0.413287 
3.140000 0.490010 0.753159 0.415160 
3.160000 0.490334 0.751504 0.416340 
3.180000 0.490893 0.750700 0.416735 
3.200000 0.491645 0.750815 0.416323 
3.220000 0.492457 0.751781 0.415227 
3.240000 0.493283 0.753437 0.413550 
3.260000 0.494105 0.755660 0.411422 
3.280000 0.494919 0.758308 0.408935 
3.300000 0.495722 0.761280 0.406187 
3.320000 0.496513 0.764472 0.403246 
3.340000 0.497292 0.767811 0.400182 
3.360000 0.498060 0.771225 0.397045 
3.380000 0.498815 0.774665 0.393882 
3.400000 0.499560 0.778086 0.390724 
3.420000 0.500295 0.781459 0.387599 
3.440000 0.501021 0.784759 0.384526 
3.460000 0.501739 0.787971 0.381520 
3.480000 0.502449 0.791084 0.378588 
3.500000 0.503153 0.794094 0.375736 
3.520000 0.503852 0.797001 0.372964 
3.540000 0.504543 0.799802 0.370276 
3.560000 0.505211 0.802490 0.367689 
3.580000 0.505842 0.805044 0.365227 
3.600000 0.506422 0.807440 0.362918 
3.620000 0.506938 0.809651 0.360791 
3.640000 0.507377 0.811650 0.358877 
3.660000 0.507730 0.813412 0.357203 
3.680000 0.507985 0.814913 0.355797 
3.700000 0.508135 0.816132 0.354680 
3.720000 0.508174 0.817052 0.353873 
3.740000 0.508096 0.817657 0.353391 
3.760000 0.507899 0.817936 0.353246 
3.780000 0.507582 0.817879 0.353447 
3.800000 0.507144 0.817481 0.354000 
3.820000 0.506590 0.816735 0.354906 
3.840000 0.505923 0.815641 0.356163 
3.860000 0.505150 0.814198 0.357767 
3.880000 0.504280 0.812409 0.359709 
3.900000 0.503323 0.810279 0.361977 
3.920000 0.502292 0.807817 0.364556 
3.940000 0.501200 0.805033 0.367426 
3.960000 0.500065 0.801946 0.370564 
3.980000 0.498902 0.798575 0.373940 
4.000000 0.497731 0.794948 0.377520 
4.020000 0.495364 0.790372 0.382738 
4.040000 0.493026 0.784252 0.388565 
4.060000 0.490758 0.777484 0.395344 
4.080000 0.488597 0.769729 0.402455 
4.100000 0.486585 0.761560 0.410074 
4.120000 0.484764 0.752818 0.417770 
4.140000 0.483178 0.743946 0.425592 
4.160000 0.481873 0.734935 0.433181 
4.180000 0.480892 0.726208 0.440482 
4.200000 0.480278 0.717888 0.447149 
4.220000 0.479831 0.710245 0.453343 
4.240000 0.479439 0.703051 0.459023 
4.260000 0.479063 0.696351 0.464390 
4.280000 0.478686 0.689928 0.469428 
4.300000 0.478304 0.683809 0.474290 
4.320000 0.477914 0.677823 0.478962 
4.340000 0.477513 0.671997 0.483559 
4.360000 0.477101 0.666197 0.488066 
4.380000 0.476677 0.660446 0.492572 
4.400000 0.476240 0.654637 0.497063 
4.420000 0.475788 0.648788 0.501612 
4.440000 0.475323 0.642811 0.506206 
4.460000 0.474842 0.636720 0.510906 
4.480000 0.474347 0.630440 0.515701 
4.500000 0.473836 0.623982 0.520643 
4.520000 0.473309 0.617280 0.525721 
4.540000 0.472766 0.610345 0.530981 
4.560000 0.472207 0.603117 0.536413 
4.580000 0.471632 0.595607 0.542056 
4.600000 0.471040 0.587764 0.547899 
4.620000 0.470432 0.579598 0.553976 
4.640000 0.469808 0.571068 0.560275 
4.660000 0.469166 0.562186 0.566819 
4.680000 0.468509 0.552922 0.573596 
4.700000 0.467834 0.543297 0.580620 
4.720000 0.467143 0.533295 0.587872 
4.740000 0.466436 0.522945 0.595355 
4.760000 0.465711 0.512249 0.603042 
4.780000 0.464969 0.501253 0.610924 
4.800000 0.464210 0.489978 0.618963 
4.820000 0.463434 0.478487 0.627137 
4.840000 0.462639 0.466822 0.635397 
4.860000 0.461860 0.455093 0.643667 
4.880000 0.461146 0.443457 0.651817 
4.900000 0.460544 0.432142 0.659692 
4.920000 0.460101 0.421399 0.667103 
4.940000 0.459859 0.411510 0.673860 
4.960000 0.459858 0.402748 0.679766 
4.980000 0.460136 0.395382 0.684642 
5.000000 0.460719 0.389643 0.688321 
5.020000 0.461633 0.385742 0.690663 
5.040000 0.462892 0.383848 0.691547 
5.060000 0.464503 0.384112 0.690871 
5.080000 0.466464 0.386663 0.688545 
5.100000 0.468765 0.391625 0.684484 
5.120000 0.471384 0.399119 0.678603 
5.140000 0.474290 0.409275 0.670812 
5.160000 0.477440 0.422226 0.661018 
5.180000 0.480780 0.438102 0.649125 
5.200000 0.484243 0.457013 0.635047 
5.220000 0.487749 0.479017 0.618728 
5.240000 0.491206 0.504067 0.600173 
5.260000 0.494507 0.531946 0.579498 
5.280000 0.497532 0.562187 0.556986 
5.300000 0.500152 0.593997 0.533156 
5.320000 0.502226 0.626231 0.508807 
5.340000 0.503612 0.657445 0.485016 
5.360000 0.504170 0.686059 0.463052 
5.380000 0.503767 0.710598 0.444206 
5.400000 0.502292 0.729908 0.429602 
5.420000 0.500384 0.743771 0.419134 
5.440000 0.498306 0.752935 0.412551 
5.460000 0.496151 0.758018 0.409193 
5.480000 0.493957 0.759857 0.408582 
5.500000 0.491742 0.758983 0.410140 
5.520000 0.489513 0.755955 0.413511 
5.540000 0.487276 0.751079 0.418331 
5.560000 0.485034 0.744658 0.424405 
5.580000 0.482790 0.736824 0.431539 
5.600000 0.480545 0.727708 0.439654 
5.620000 0.478300 0.717331 0.448666 
5.640000 0.476055 0.705717 0.458567 
5.660000 0.473810 0.692815 0.469341 
5.680000 0.471567 0.678582 0.481022 
5.700000 0.469324 0.662924 0.493629 
5.720000 0.467082 0.645763 0.507215 
5.740000 0.464842 0.626990 0.521814 
5.760000 0.462604 0.606531 0.537467 
5.780000 0.460368 0.584318 0.554181 
5.800000 0.458136 0.560357 0.571942 
5.820000 0.455906 0.534715 0.590670 
5.840000 0.453681 0.507594 0.610225 
5.860000 0.451460 0.479322 0.630369 
5.880000 0.449243 0.450402 0.650780 
5.900000 0.447117 0.421546 0.670939 
5.920000 0.445198 0.393719 0.690220 
5.940000 0.443600 0.367931 0.707939 
5.960000 0.442425 0.345118 0.723499 
5.980000 0.441764 0.325950 0.736449 
6.000000 0.441694 0.310800 0.746549 
6.020000 0.442276 0.299743 0.753737 
6.040000 0.444499 0.293376 0.757190 
6.060000 0.447451 0.291762 0.757578 
6.080000 0.451130 0.294104 0.754881 
6.100000 0.455527 0.300475 0.749448 
6.120000 0.460614 0.310596 0.741151 
6.140000 0.466350 0.324783 0.730005 
6.160000 0.472674 0.343221 0.715691 
6.180000 0.479511 0.366516 0.697933 
6.200000 0.486762 0.395226 0.676197 
6.220000 0.494307 0.430169 0.649973 
6.240000 0.502000 0.471959 0.618625 
6.260000 0.509661 0.520992 0.581752 
6.280000 0.517082 0.576668 0.539343 
6.300000 0.524017 0.636956 0.492450 
6.320000 0.530197 0.697746 0.443545 
6.340000 0.535337 0.753620 0.396670 
6.360000 0.539164 0.799594 0.356240 
6.380000 0.541442 0.833306 0.325407 
6.400000 0.541989 0.855309 0.304935 
6.420000 0.540681 0.867850 0.293754 
6.440000 0.538409 0.873677 0.289112 
6.460000 0.535658 0.875315 0.288767 
6.480000 0.532429 0.874230 0.291287 
6.500000 0.528732 0.871231 0.295868 
6.520000 0.524592 0.866714 0.302073 
6.540000 0.520041 0.860842 0.309691 
6.560000 0.515119 0.853643 0.318631 
6.580000 0.509876 0.845057 0.328874 
6.600000 0.504365 0.834969 0.340442 
6.620000 0.498649 0.823219 0.353381 
6.640000 0.492800 0.809614 0.367754 
6.660000 0.486896 0.793933 0.383630 
6.680000 0.481025 0.775935 0.401078 
6.700000 0.475284 0.755378 0.420156 
6.720000 0.469780 0.732037 0.440895 
6.740000 0.464630 0.705748 0.463278 
6.760000 0.459962 0.676469 0.487197 
6.780000 0.455912 0.644362 0.512417 
6.800000 0.452625 0.609903 0.538510 
6.820000 0.450049 0.573794 0.565070 
6.840000 0.447732 0.536495 0.592024 
6.860000 0.445518 0.498345 0.619078 
6.880000 0.443353 0.460126 0.645886 
6.900000 0.441246 0.422745 0.671782 
6.920000 0.439348 0.387571 0.695962 
6.940000 0.437798 0.355930 0.717522 
6.960000 0.436722 0.328978 0.735782 
6.980000 0.436226 0.307314 0.750319 
7.000000 0.436397 0.291074 0.761075 
7.020000 0.437299 0.279958 0.768214 
7.040000 0.438977 0.273504 0.772051 
7.060000 0.441454 0.271207 0.772895 
7.080000 0.444742 0.272679 0.771005 
7.100000 0.448833 0.277675 0.766528 
7.120000 0.453706 0.286135 0.759502 
7.140000 0.459327 0.298170 0.749842 
7.160000 0.465646 0.314077 0.737345 
7.180000 0.472597 0.334325 0.721682 
7.200000 0.480095 0.359566 0.702397 
7.220000 0.488035 0.390611 0.678904 
7.240000 0.496287 0.428372 0.650510 
7.260000 0.504691 0.473682 0.616495 
7.280000 0.513055 0.526926 0.576326 
7.300000 0.521149 0.587361 0.530077 
7.320000 0.528709 0.652271 0.479095 
7.340000 0.535439 0.716550 0.426604 
7.360000 0.541035 0.773778 0.377497 
7.380000 0.545213 0.818879 0.336696 
7.400000 0.547733 0.850322 0.306989 
7.420000 0.548421 0.869804 0.288302 
7.440000 0.547164 0.880274 0.278818 
7.460000 0.544277 0.884471 0.276081 
7.480000 0.540836 0.884693 0.277351 
7.500000 0.536852 0.882500 0.281378 
7.520000 0.532347 0.878498 0.287340 
7.540000 0.527350 0.873035 0.294930 
7.560000 0.521903 0.866164 0.303971 
7.580000 0.516053 0.857855 0.314443 
7.600000 0.509855 0.847971 0.326363 
7.620000 0.503375 0.836326 0.339805 
7.640000 0.496685 0.822675 0.354858 
7.660000 0.489867 0.806729 0.371636 
7.680000 0.483014 0.788150 0.390263 
7.700000 0.476228 0.766569 0.410870 
7.720000 0.469625 0.741599 0.433575 
7.740000 0.463331 0.712881 0.458461 
7.760000 0.457488 0.680150 0.485529 
7.780000 0.452250 0.643360 0.514639 
7.800000 0.447783 0.602846 0.545409 
7.820000 0.444219 0.559484 0.577177 
7.840000 0.440985 0.514155 0.609764 
7.860000 0.437885 0.467618 0.642476 
7.880000 0.434848 0.421531 0.674565 
7.900000 0.432028 0.377743 0.704606 
7.920000 0.429599 0.338640 0.731344 
7.940000 0.427716 0.305795 0.753611 
7.960000 0.426507 0.280120 0.770988 
7.980000 0.426075 0.261384 0.783510 
8.000000 0.426493 0.248891 0.791705 
8.020000 0.427810 0.241630 0.796170 
8.040000 0.430057 0.238745 0.797498 
8.060000 0.432478 0.239052 0.796745 
8.080000 0.435833 0.242021 0.793783 
8.100000 0.440114 0.247846 0.788786 
8.120000 0.445298 0.256466 0.781580 
8.140000 0.451349 0.268220 0.772073 
8.160000 0.458221 0.283415 0.759951 
8.180000 0.465849 0.302654 0.744873 
8.200000 0.474155 0.326633 0.726303 
8.220000 0.483038 0.356323 0.703604 
8.240000 0.492373 0.392831 0.675934 
8.260000 0.502008 0.437402 0.642359 
8.280000 0.511754 0.491035 0.601926 
8.300000 0.521382 0.553889 0.554098 
8.320000 0.530619 0.624091 0.499460 
8.340000 0.539150 0.696677 0.440784 
8.360000 0.546637 0.763865 0.383456 
8.380000 0.552749 0.818201 0.334038 
8.400000 0.557200 0.856422 0.297054 
8.420000 0.559775 0.880158 0.273081 
8.440000 0.560332 0.893284 0.259852 
8.460000 0.558793 0.899366 0.254527 
8.480000 0.555120 0.900737 0.254982 
8.500000 0.550235 0.898913 0.259094 
8.520000 0.544704 0.895011 0.265596 
8.540000 0.538564 0.889505 0.273952 
8.560000 0.531859 0.882508 0.283952 
8.580000 0.524642 0.873956 0.295567 
8.600000 0.516973 0.863667 0.308857 
8.620000 0.508924 0.851370 0.323939 
8.640000 0.500576 0.836714 0.340973 
8.660000 0.492021 0.819257 0.360158 
8.680000 0.483363 0.798467 0.381728 
8.700000 0.474722 0.773715 0.405947 
8.720000 0.466231 0.744291 0.433095 
8.740000 0.458043 0.709456 0.463433 
8.760000 0.450328 0.668560 0.497125 
8.780000 0.443276 0.621286 0.534109 
8.800000 0.437099 0.568037 0.573877 
8.820000 0.431835 0.510262 0.615457 
8.840000 0.426915 0.450109 0.657802 
8.860000 0.422139 0.390528 0.698984 
8.880000 0.417710 0.335716 0.736540 
8.900000 0.413842 0.289405 0.768121 
8.920000 0.410715 0.253637 0.792548 
8.940000 0.408471 0.228165 0.809941 
8.960000 0.407208 0.211361 0.821378 
8.980000 0.406992 0.201176 0.828169 
9.000000 0.407865 0.195877 0.831459 
9.020000 0.409848 0.194236 0.832048 
9.040000 0.412948 0.195511 0.830426 
9.060000 0.417160 0.199320 0.826838 
9.080000 0.422470 0.205554 0.821347 
9.100000 0.428854 0.214299 0.813885 
9.120000 0.436277 0.225816 0.804265 
9.140000 0.444692 0.240530 0.792191 
9.160000 0.454039 0.259056 0.777239 
9.180000 0.464242 0.282233 0.758830 
9.200000 0.475205 0.311180 0.736193 
9.220000 0.486805 0.347337 0.708315 
9.240000 0.498892 0.392455 0.673918 
9.260000 0.511274 0.448399 0.631511 
9.280000 0.523714 0.516483 0.579712 
9.300000 0.535917 0.595956 0.518131 
9.320000 0.547533 0.681732 0.449044 
9.340000 0.558166 0.763433 0.379010 
9.360000 0.567414 0.829413 0.317633 
9.380000 0.574925 0.874192 0.272160 
9.400000 0.580441 0.900510 0.243333 
9.420000 0.583798 0.914509 0.227283 
9.440000 0.584903 0.921305 0.219659 
9.460000 0.583711 0.923920 0.217542 
9.480000 0.580206 0.923822 0.219419 
9.500000 0.574667 0.921666 0.224414 
9.520000 0.568302 0.917979 0.231243 
9.540000 0.561152 0.913131 0.239714 
9.560000 0.553261 0.907059 0.249706 
9.580000 0.544678 0.899648 0.261306 
9.600000 0.535464 0.890656 0.274625 
9.620000 0.525687 0.879776 0.289843 
9.640000 0.515427 0.866598 0.307175 
9.660000 0.504775 0.850600 0.326894 
9.680000 0.493838 0.831118 0.349327 
9.700000 0.482736 0.807312 0.374875 
9.720000 0.471609 0.778145 0.404008 
9.740000 0.460618 0.742379 0.437260 
9.760000 0.449947 0.698653 0.475165 
9.780000 0.439809 0.645738 0.518098 
9.800000 0.430444 0.583128 0.565951 
9.820000 0.422125 0.512066 0.617593 
9.840000 0.415144 0.436701 0.670289 
9.860000 0.409140 0.363664 0.720377 
9.880000 0.403599 0.299698 0.763943 
9.900000 0.398763 0.249669 0.798040 
9.920000 0.394826 0.214521 0.822161 
9.940000 0.391923 0.191850 0.837813 
9.960000 0.390142 0.178199 0.847246 
9.980000 0.389537 0.170587 0.852402 
10.000000 0.390136 0.167007 0.854613 
10.020000 0.391956 0.166278 0.854657 
10.040000 0.395000 0.167786 0.852940 
10.060000 0.399262 0.171270 0.849627 
10.080000 0.405301 0.176990 0.844346 
10.100000 0.412530 0.185098 0.837249 
10.120000 0.420914 0.195677 0.828123 
10.140000 0.430412 0.209171 0.816732 
10.160000 0.440969 0.226130 0.802642 
10.180000 0.452517 0.247393 0.785303 
10.200000 0.464967 0.274066 0.763934 
10.220000 0.478208 0.307658 0.737503 
10.240000 0.492099 0.350114 0.704630 
10.260000 0.506460 0.403800 0.663565 
10.280000 0.521062 0.471060 0.612322 
10.300000 0.535620 0.552897 0.549369 
10.320000 0.549774 0.646136 0.475380 
10.340000 0.563103 0.740408 0.396013 
10.360000 0.575156 0.820292 0.322597 
10.380000 0.585513 0.875493 0.266283 
10.400000 0.593858 0.907486 0.230151 
10.420000 0.599989 0.924124 0.209733 
10.440000 0.596735 0.930706 0.205033 
10.460000 0.590087 0.930773 0.207724 
10.480000 0.581056 0.927660 0.215488 
10.500000 0.569680 0.921879 0.227093 
10.520000 0.557473 0.913834 0.241246 
10.540000 0.544518 0.903626 0.257909 
10.560000 0.530902 0.890815 0.277169 
10.580000 0.516726 0.874793 0.299387 
10.600000 0.502106 0.854637 0.325012 
10.620000 0.487182 0.829126 0.354668 
10.640000 0.472115 0.796616 0.389130 
10.660000 0.457092 0.754999 0.429356 
10.680000 0.442336 0.701749 0.476392 
10.700000 0.428109 0.634407 0.531085 
10.720000 0.414717 0.551963 0.593309 
10.740000 0.402507 0.457574 0.660593 
10.760000 0.391858 0.361160 0.726862 
10.780000 0.383140 0.277266 0.783658 
10.800000 0.376124 0.216071 0.825271 
10.820000 0.370141 0.177404 0.852018 
10.840000 0.365330 0.155088 0.867724 
10.860000 0.361776 0.142760 0.876566 
10.880000 0.359523 0.136079 0.881385 
10.900000 0.358598 0.132675 0.883772 
10.920000 0.359011 0.131378 0.884505 
10.940000 0.360769 0.131660 0.883936 
10.960000 0.363872 0.133309 0.882199 
10.980000 0.368316 0.136284 0.879312 
11.000000 0.374091 0.140643 0.875220 
11.020000 0.381184 0.146520 0.869815 
11.040000 0.389576 0.154130 0.862932 
11.060000 0.386356 0.157451 0.862444 
11.080000 0.378682 0.154121 0.866039 
11.100000 0.369323 0.147289 0.872572 
11.120000 0.359311 0.138528 0.880203 
11.140000 0.349020 0.129428 0.888104 
11.160000 0.338578 0.120629 0.895705 
11.180000 0.328016 0.112468 0.902829 
11.200000 0.317332 0.104993 0.909424 
11.220000 0.306513 0.098167 0.915522 
11.240000 0.295539 0.091915 0.921175 
11.260000 0.284392 0.086162 0.926435 
11.280000 0.273051 0.080842 0.931346 
11.300000 0.261498 0.075899 0.935947 
11.320000 0.249715 0.071291 0.940269 
11.340000 0.237685 0.066979 0.944336 
11.360000 0.225389 0.062935 0.948168 
11.380000 0.212812 0.059132 0.951784 
11.400000 0.199936 0.055549 0.955197 
11.420000 0.186745 0.052168 0.958421 
11.440000 0.173222 0.048974 0.961464 
11.460000 0.159353 0.045953 0.964338 
11.480000 0.145121 0.043093 0.967049 
11.500000 0.130510 0.040384 0.969606 
11.520000 0.115505 0.037816 0.972014 
11.540000 0.100090 0.035382 0.974280 
11.560000 0.084249 0.033074 0.976410 
11.580000 0.067967 0.030886 0.978408 
11.600000 0.051228 0.028811 0.980280 
11.620000 0.034017 0.026844 0.982030 
11.640000 0.016319 0.024981 0.983663 
11.660000 0.000000 0.023373 0.985041 
11.680000 0.000000 0.023205 0.985105 
11.700000 0.000000 0.023197 0.985112 
11.720000 0.000000 0.023196 0.985112 
11.740000 0.000000 0.023196 0.985112 
11.760000 0.000000 0.023196 0.985112 
11.780000 0.000000 0.023196 0.985112 
11.800000 0.000000 0.023196 0.985112 
11.820000 0.000000 0.023196 0.985112 
11.840000 0.000000 0.023196 0.985112 
11.860000 0.000000 0.023196 0.985112 
11.880000 0.000000 0.023196 0.985112 
11.900000 0.000000 0.023196 0.985112 
11.920000 0.000000 0.023196 0.985112 
11.940000 0.000000 0.023196 0.985112 
11.960000 0.000000 0.023196 0.985112 
11.980000 0.000000 0.023196 0.985112 
12.000000 0.000000 0.023196 0.985112 
12.020000 0.000000 0.023196 0.985112 
12.040000 0.000000 0.023196 0.985112 
12.060000 0.000000 0.023196 0.985112 
