# time n0 n1 n2o n3 n4 n5 n6 n7 n8i n9 
0.000000 0.453580 1.000000 0.994292 1.000000 0.438610 0.000000 0.509197 1.000000 0.000514 0.000000 
0.020000 0.000012 1.000000 0.883112 1.000000 1.000000 0.000000 1.000000 1.000000 0.500737 0.000000 
0.040000 0.000012 1.000000 0.883112 1.000000 1.000000 0.000000 1.000000 1.000000 0.000144 0.000000 
0.060000 0.000012 1.000000 0.883112 1.000000 1.000000 0.000000 1.000000 1.000000 0.000144 0.000000 
0.080000 0.000001 1.000000 0.904221 1.000000 1.000000 0.000000 1.000000 1.000000 0.000144 0.000000 
0.100000 0.000001 1.000000 0.904214 1.000000 1.000000 0.000000 1.000000 1.000000 0.000153 0.000000 
0.120000 0.000001 1.000000 0.904214 1.000000 1.000000 0.000000 1.000000 1.000000 0.000153 0.000000 
0.140000 0.000005 1.000000 0.904214 1.000000 1.000000 0.000000 1.000000 1.000000 0.520918 0.000000 
0.160000 0.000005 1.000000 0.904264 1.000000 1.000000 0.000000 1.000000 1.000000 0.000039 0.000000 
0.180000 0.000005 1.000000 0.904264 1.000000 1.000000 0.000000 1.000000 1.000000 0.000153 0.000000 
0.200000 0.000006 1.000000 0.904264 1.000000 1.000000 0.000000 1.000000 1.000000 0.541375 0.000000 
0.220000 0.000006 1.000000 0.904264 1.000000 1.000000 0.000000 1.000000 1.000000 0.549777 0.000000 
0.240000 0.000006 1.000000 0.904264 1.000000 1.000000 0.000000 1.000000 1.000000 0.000153 0.000000 
0.260000 0.000030 1.000000 0.904274 1.000000 1.000000 0.000000 1.000000 1.000000 0.000034 0.000000 
0.280000 0.000001 1.000000 0.904274 1.000000 1.000000 0.000000 1.000000 1.000000 0.000153 0.000000 
0.300000 0.000001 1.000000 0.904265 1.000000 1.000000 0.000000 1.000000 1.000000 0.000031 0.000000 
0.320000 0.000001 1.000000 0.325998 1.000000 1.000000 0.000000 1.000000 1.000000 0.604087 0.000000 
0.340000 0.000001 1.000000 0.313219 1.000000 1.000000 0.000000 1.000000 1.000000 0.616033 0.000000 
0.360000 0.000001 1.000000 0.313219 1.000000 1.000000 0.000000 1.000000 1.000000 0.627392 0.000000 
0.380000 0.000047 1.000000 0.290306 1.000000 1.000000 0.000000 1.000000 1.000000 0.638177 0.000000 
0.400000 0.000047 1.000000 0.290306 1.000000 1.000000 0.000000 1.000000 1.000000 0.000027 0.000000 
0.420000 0.000050 1.000000 0.290306 1.000000 1.000000 0.000000 1.000000 1.000000 0.000027 0.000000 
0.440000 0.000052 1.000000 0.290306 1.000000 1.000000 0.000000 1.000000 1.000000 0.000027 0.000000 
0.460000 0.000006 1.000000 0.290306 1.000000 1.000000 0.000000 1.000000 1.000000 0.000027 0.000000 
0.480000 0.000006 1.000000 0.290306 1.000000 1.000000 0.000000 1.000000 1.000000 0.000027 0.000000 
0.500000 0.000006 1.000000 0.904269 1.000000 1.000000 0.000000 1.000000 1.000000 0.000027 0.000000 
0.520000 0.000068 1.000000 0.904291 1.000000 1.000000 0.000000 1.000000 1.000000 0.000023 0.000000 
0.540000 0.000068 1.000000 0.223533 1.000000 1.000000 0.000000 1.000000 1.000000 0.000023 0.000000 
0.560000 0.000068 1.000000 0.215920 1.000000 1.000000 0.000000 1.000000 1.000000 0.718626 0.000000 
0.580000 0.000007 1.000000 0.904271 1.000000 1.000000 0.000000 1.000000 1.000000 0.000022 0.000000 
0.600000 0.000007 1.000000 0.904216 1.000000 1.000000 0.000000 1.000000 1.000000 0.000153 0.000000 
0.620000 0.000001 1.000000 0.904216 1.000000 1.000000 0.000000 1.000000 1.000000 0.000153 0.000000 
0.640000 0.000001 1.000000 0.904214 1.000000 1.000000 0.000000 1.000000 1.000000 0.000153 0.000000 
0.660000 0.000001 1.000000 0.904214 1.000000 1.000000 0.000000 1.000000 1.000000 0.000153 0.000000 
0.680000 0.000012 1.000000 0.166014 1.000000 1.000000 0.000000 1.000000 1.000000 0.784548 0.000000 
0.700000 0.000001 1.000000 0.904214 1.000000 1.000000 0.000000 1.000000 1.000000 0.000153 0.000000 
0.720000 0.000001 1.000000 0.148312 1.000000 1.000000 0.000000 1.000000 1.000000 0.000018 0.000000 
0.740000 0.000001 1.000000 0.139938 1.000000 1.000000 0.000000 1.000000 1.000000 0.825528 0.000000 
0.760000 0.000145 1.000000 0.132180 1.000000 1.000000 0.000000 1.000000 1.000000 0.839058 0.000000 
0.780000 0.000145 1.000000 0.124863 1.000000 1.000000 0.000000 1.000000 1.000000 0.000017 0.000000 
0.800000 0.000161 1.000000 0.124863 1.000000 1.000000 0.000000 1.000000 1.000000 0.000017 0.000000 
0.820000 0.000168 1.000000 0.111605 1.000000 1.000000 0.000000 1.000000 1.000000 0.878229 0.000000 
0.840000 0.000010 1.000000 0.904274 1.000000 1.000000 0.000000 1.000000 1.000000 0.000016 0.000000 
0.860000 0.000010 1.000000 0.904274 1.000000 1.000000 0.000000 1.000000 1.000000 0.000153 0.000000 
0.880000 0.000010 1.000000 0.904217 1.000000 1.000000 0.000000 1.000000 1.000000 0.000153 0.000000 
0.900000 0.000001 1.000000 0.904217 1.000000 1.000000 0.000000 1.000000 1.000000 0.000153 0.000000 
0.920000 0.000243 1.000000 0.080425 1.000000 1.000000 0.000000 1.000000 1.000000 0.951705 0.000000 
0.940000 0.000243 1.000000 0.074621 1.000000 1.000000 0.000000 1.000000 1.000000 0.968396 0.000000 
0.960000 0.000243 1.000000 0.904352 1.000000 1.000000 0.000000 1.000000 1.000000 0.000015 0.000000 
0.980000 0.000001 1.000000 0.904352 1.000000 1.000000 0.000000 1.000000 1.000000 0.000152 0.000000 
1.000000 0.000001 1.000000 0.904352 1.000000 1.000000 0.000000 1.000000 1.000000 0.000153 0.000000 
1.020000 0.000001 1.000000 0.904352 1.000000 1.000000 0.000000 1.000000 1.000000 0.000153 0.000000 
1.040000 0.000001 1.000000 0.904352 1.000000 1.000000 0.000000 1.000000 1.000000 0.000153 0.000000 
1.060000 0.000025 1.000000 0.904352 1.000000 1.000000 0.000000 1.000000 1.000000 1.000000 0.000000 
1.080000 0.000025 1.000000 0.064519 1.000000 1.000000 0.000000 1.000000 1.000000 1.000000 0.000000 
1.100000 0.000025 1.000000 0.064519 1.000000 1.000000 0.000000 1.000000 1.000000 0.000014 0.000000 
1.120000 0.000298 1.000000 0.064582 1.000000 1.000000 0.000000 1.000000 1.000000 1.000000 0.000000 
1.140000 0.000298 1.000000 0.064582 1.000000 1.000000 0.000000 1.000000 1.000000 0.000014 0.000000 
1.160000 0.000298 1.000000 0.064582 1.000000 1.000000 0.000000 1.000000 1.000000 1.000000 0.000000 
1.180000 0.000298 1.000000 0.064582 1.000000 1.000000 0.000000 1.000000 1.000000 0.000014 0.000000 
1.200000 0.000298 1.000000 0.064582 1.000000 1.000000 0.000000 1.000000 1.000000 1.000000 0.000000 
1.220000 0.000298 1.000000 0.064582 1.000000 1.000000 0.000000 1.000000 1.000000 1.000000 0.000000 
1.240000 0.000298 1.000000 0.064582 1.000000 1.000000 0.000000 1.000000 1.000000 1.000000 0.000000 
1.260000 0.000298 1.000000 0.064582 1.000000 1.000000 0.000000 1.000000 1.000000 1.000000 0.000000 
1.280000 0.000298 1.000000 0.064582 1.000000 1.000000 0.000000 1.000000 1.000000 1.000000 0.000000 
1.300000 0.000298 1.000000 0.064582 1.000000 1.000000 0.000000 1.000000 1.000000 1.000000 0.000000 
1.320000 0.000298 1.000000 0.064582 1.000000 1.000000 0.000000 1.000000 1.000000 0.000014 0.000000 
1.340000 0.000001 1.000000 0.904370 1.000000 1.000000 0.000000 1.000000 1.000000 0.000014 0.000000 
1.360000 0.000001 1.000000 0.904370 1.000000 1.000000 0.000000 1.000000 1.000000 0.000153 0.000000 
1.380000 0.000025 1.000000 0.904370 1.000000 1.000000 0.000000 1.000000 1.000000 1.000000 0.000000 
