# time n0 n1 n2i n3 n4o 
0.000000 0.999698 0.000001 0.999986 0.000729 0.622088 
0.020000 0.907162 0.000011 0.999978 0.071745 0.035386 
0.040000 0.290580 0.000197 0.999810 0.041904 0.069226 
0.060000 0.339048 0.000045 0.989305 0.025377 0.619230 
0.080000 0.902100 0.000003 0.997716 0.041175 0.545812 
0.100000 0.860196 0.000013 0.999940 0.062345 0.064924 
0.120000 0.327595 0.000154 0.999762 0.041195 0.084559 
0.140000 0.358209 0.000045 0.991964 0.026516 0.573730 
0.160000 0.879319 0.000003 0.997786 0.040335 0.523185 
0.180000 0.846124 0.000014 0.999927 0.060064 0.072558 
0.200000 0.338140 0.000143 0.999745 0.040925 0.090122 
0.220000 0.365885 0.000044 0.992614 0.026861 0.561255 
0.240000 0.872638 0.000004 0.997841 0.040168 0.514707 
0.260000 0.840874 0.000014 0.999922 0.059294 0.075199 
0.280000 0.342439 0.000139 0.999737 0.040798 0.092559 
0.300000 0.369843 0.000044 0.992867 0.026994 0.556861 
0.320000 0.870529 0.000004 0.997878 0.040132 0.510925 
0.340000 0.838818 0.000014 0.999920 0.058970 0.076302 
0.360000 0.344851 0.000137 0.999735 0.040730 0.093797 
0.380000 0.372417 0.000044 0.993003 0.027055 0.555010 
0.400000 0.869948 0.000004 0.997906 0.040128 0.508973 
0.420000 0.838079 0.000014 0.999920 0.058803 0.076896 
0.440000 0.346698 0.000136 0.999734 0.040689 0.094549 
0.460000 0.374493 0.000043 0.993102 0.027091 0.554017 
0.480000 0.869924 0.000004 0.997931 0.040130 0.507768 
0.500000 0.837926 0.000014 0.999920 0.058693 0.077327 
0.520000 0.348445 0.000135 0.999734 0.040659 0.095108 
0.540000 0.376454 0.000043 0.993193 0.027117 0.553304 
0.560000 0.870128 0.000004 0.997956 0.040134 0.506858 
0.580000 0.838057 0.000014 0.999920 0.058602 0.077723 
0.600000 0.350281 0.000133 0.999734 0.040633 0.095607 
0.620000 0.378489 0.000043 0.993285 0.027141 0.552656 
0.640000 0.870442 0.000004 0.997981 0.040138 0.506037 
0.660000 0.838341 0.000014 0.999920 0.058513 0.078135 
0.680000 0.352299 0.000132 0.999735 0.040608 0.096111 
0.700000 0.380705 0.000043 0.993384 0.027166 0.551985 
0.720000 0.870827 0.000004 0.998008 0.040142 0.505201 
0.740000 0.838644 0.000014 0.999920 0.058426 0.078541 
0.760000 0.354239 0.000131 0.999736 0.040586 0.096576 
0.780000 0.382668 0.000043 0.993478 0.027192 0.551164 
0.800000 0.870963 0.000004 0.998031 0.040142 0.504279 
0.820000 0.838654 0.000014 0.999920 0.058340 0.078897 
0.840000 0.355661 0.000131 0.999736 0.040567 0.096972 
0.860000 0.384003 0.000042 0.993547 0.027217 0.550347 
0.880000 0.870809 0.000004 0.998046 0.040141 0.503415 
0.900000 0.838345 0.000014 0.999919 0.058270 0.079140 
0.920000 0.356323 0.000130 0.999736 0.040553 0.097244 
0.940000 0.384533 0.000042 0.993580 0.027234 0.549718 
0.960000 0.870448 0.000004 0.998050 0.040138 0.502774 
0.980000 0.837831 0.000015 0.999919 0.058228 0.079237 
1.000000 0.356223 0.000130 0.999735 0.040546 0.097362 
1.020000 0.384309 0.000042 0.993577 0.027242 0.549392 
1.040000 0.870014 0.000004 0.998046 0.040135 0.502455 
1.060000 0.837279 0.000015 0.999919 0.058217 0.079198 
1.080000 0.355566 0.000130 0.999734 0.040545 0.097339 
1.100000 0.383583 0.000042 0.993548 0.027241 0.549389 
1.120000 0.869647 0.000004 0.998036 0.040134 0.502461 
1.140000 0.836851 0.000015 0.999918 0.058232 0.079069 
1.160000 0.354696 0.000131 0.999733 0.040549 0.097222 
1.180000 0.382717 0.000043 0.993508 0.027233 0.549634 
1.200000 0.869453 0.000004 0.998025 0.040134 0.502708 
1.220000 0.836648 0.000015 0.999918 0.058263 0.078910 
1.240000 0.353911 0.000131 0.999733 0.040555 0.097065 
1.260000 0.381973 0.000043 0.993471 0.027223 0.549979 
1.280000 0.869419 0.000004 0.998017 0.040135 0.503053 
1.300000 0.836635 0.000015 0.999918 0.058297 0.078764 
1.320000 0.353342 0.000131 0.999733 0.040563 0.096912 
1.340000 0.381438 0.000043 0.993443 0.027214 0.550294 
1.360000 0.869466 0.000004 0.998011 0.040136 0.503377 
1.380000 0.836724 0.000015 0.999919 0.058324 0.078660 
1.400000 0.353019 0.000132 0.999733 0.040568 0.096796 
1.420000 0.381148 0.000043 0.993427 0.027207 0.550536 
1.440000 0.869563 0.000004 0.998008 0.040137 0.503627 
1.460000 0.836873 0.000015 0.999919 0.058343 0.078607 
1.480000 0.352950 0.000132 0.999733 0.040572 0.096734 
1.500000 0.381121 0.000043 0.993423 0.027202 0.550687 
1.520000 0.869701 0.000004 0.998008 0.040137 0.503780 
1.540000 0.837067 0.000015 0.999919 0.058350 0.078608 
1.560000 0.353138 0.000132 0.999733 0.040572 0.096733 
1.580000 0.381365 0.000043 0.993431 0.027202 0.550744 
1.600000 0.869876 0.000004 0.998012 0.040138 0.503826 
1.620000 0.837298 0.000015 0.999919 0.058345 0.078665 
1.640000 0.353591 0.000131 0.999734 0.040570 0.096796 
1.660000 0.381890 0.000043 0.993452 0.027204 0.550704 
1.680000 0.870091 0.000004 0.998019 0.040140 0.503758 
1.700000 0.837568 0.000015 0.999919 0.058328 0.078780 
1.720000 0.354318 0.000131 0.999734 0.040564 0.096927 
1.740000 0.382709 0.000043 0.993487 0.027210 0.550563 
1.760000 0.870347 0.000004 0.998029 0.040141 0.503573 
1.780000 0.837877 0.000015 0.999919 0.058299 0.078956 
1.800000 0.355336 0.000131 0.999735 0.040555 0.097130 
1.820000 0.383842 0.000042 0.993535 0.027220 0.550317 
1.840000 0.870647 0.000004 0.998043 0.040143 0.503262 
1.860000 0.838230 0.000014 0.999919 0.058256 0.079197 
1.880000 0.356666 0.000130 0.999736 0.040542 0.097411 
1.900000 0.385311 0.000042 0.993597 0.027234 0.549957 
1.920000 0.870997 0.000004 0.998061 0.040146 0.502816 
1.940000 0.838629 0.000014 0.999919 0.058198 0.079510 
1.960000 0.358338 0.000129 0.999737 0.040525 0.097777 
1.980000 0.387151 0.000042 0.993675 0.027252 0.549472 
2.000000 0.871398 0.000004 0.998084 0.040149 0.502223 
2.020000 0.839040 0.000014 0.999919 0.058127 0.079878 
2.040000 0.360219 0.000128 0.999738 0.040506 0.098195 
2.060000 0.389135 0.000042 0.993761 0.027275 0.548809 
2.080000 0.871698 0.000004 0.998107 0.040150 0.501459 
2.100000 0.839290 0.000014 0.999919 0.058047 0.080258 
2.120000 0.361970 0.000127 0.999739 0.040487 0.098618 
2.140000 0.390884 0.000042 0.993841 0.027300 0.548018 
2.160000 0.871769 0.000004 0.998126 0.040150 0.500601 
2.180000 0.839262 0.000014 0.999919 0.057968 0.080594 
2.200000 0.363266 0.000126 0.999739 0.040470 0.098990 
2.220000 0.392114 0.000042 0.993900 0.027323 0.547260 
2.240000 0.871623 0.000004 0.998138 0.040148 0.499804 
2.260000 0.838991 0.000014 0.999919 0.057902 0.080832 
2.280000 0.363947 0.000126 0.999739 0.040457 0.099261 
2.300000 0.392706 0.000042 0.993932 0.027340 0.546678 
2.320000 0.871339 0.000004 0.998143 0.040146 0.499202 
2.340000 0.838584 0.000014 0.999919 0.057860 0.080951 
2.360000 0.364042 0.000126 0.999738 0.040448 0.099408 
2.380000 0.392730 0.000042 0.993938 0.027349 0.546357 
2.400000 0.871029 0.000004 0.998142 0.040145 0.498868 
2.420000 0.838184 0.000014 0.999919 0.057843 0.080965 
2.440000 0.363748 0.000126 0.999737 0.040445 0.099446 
2.460000 0.392416 0.000042 0.993927 0.027350 0.546295 
2.480000 0.870805 0.000004 0.998138 0.040144 0.498792 
2.500000 0.837919 0.000015 0.999918 0.057844 0.080917 
2.520000 0.363359 0.000126 0.999737 0.040445 0.099421 
2.540000 0.392072 0.000042 0.993910 0.027347 0.546418 
2.560000 0.870743 0.000004 0.998134 0.040145 0.498890 
2.580000 0.837873 0.000015 0.999918 0.057855 0.080868 
2.600000 0.363179 0.000126 0.999737 0.040445 0.099393 
2.620000 0.392000 0.000042 0.993902 0.027343 0.546603 
2.640000 0.870873 0.000004 0.998134 0.040147 0.499033 
2.660000 0.838047 0.000015 0.999919 0.057862 0.080866 
2.680000 0.363383 0.000126 0.999737 0.040445 0.099408 
2.700000 0.392321 0.000042 0.993911 0.027342 0.546704 
2.720000 0.871116 0.000004 0.998139 0.040149 0.499089 
2.740000 0.838358 0.000014 0.999919 0.057855 0.080945 
2.760000 0.364030 0.000126 0.999738 0.040441 0.099508 
2.780000 0.393101 0.000042 0.993939 0.027346 0.546658 
2.800000 0.871438 0.000004 0.998148 0.040152 0.498985 
2.820000 0.838758 0.000014 0.999919 0.057830 0.081122 
2.840000 0.365154 0.000125 0.999738 0.040432 0.099717 
2.860000 0.394384 0.000041 0.993988 0.027355 0.546434 
2.880000 0.871828 0.000004 0.998164 0.040155 0.498682 
2.900000 0.839202 0.000014 0.999919 0.057785 0.081392 
2.920000 0.366674 0.000125 0.999739 0.040419 0.100024 
2.940000 0.396034 0.000041 0.994054 0.027372 0.545988 
2.960000 0.872181 0.000004 0.998182 0.040157 0.498152 
2.980000 0.839566 0.000014 0.999919 0.057723 0.081727 
3.000000 0.368362 0.000124 0.999740 0.040402 0.100399 
3.020000 0.397790 0.000041 0.994127 0.027393 0.545348 
3.040000 0.872400 0.000004 0.998202 0.040158 0.497438 
3.060000 0.839748 0.000014 0.999919 0.057649 0.082082 
3.080000 0.369942 0.000123 0.999741 0.040385 0.100794 
3.100000 0.399382 0.000041 0.994195 0.027416 0.544615 
3.120000 0.872451 0.000004 0.998218 0.040157 0.496645 
3.140000 0.839723 0.000014 0.999919 0.057575 0.082404 
3.160000 0.371192 0.000122 0.999741 0.040368 0.101158 
3.180000 0.400606 0.000041 0.994249 0.027438 0.543911 
3.200000 0.872353 0.000004 0.998230 0.040156 0.495894 
3.220000 0.839526 0.000014 0.999919 0.057512 0.082655 
3.240000 0.372003 0.000122 0.999741 0.040355 0.101448 
3.260000 0.401377 0.000041 0.994285 0.027455 0.543342 
3.280000 0.872166 0.000004 0.998237 0.040155 0.495289 
3.300000 0.839242 0.000014 0.999919 0.057465 0.082819 
3.320000 0.372402 0.000122 0.999741 0.040345 0.101649 
3.340000 0.401755 0.000041 0.994303 0.027466 0.542969 
3.360000 0.871974 0.000004 0.998240 0.040154 0.494881 
3.380000 0.838978 0.000014 0.999918 0.057436 0.082908 
3.400000 0.372542 0.000121 0.999740 0.040338 0.101774 
3.420000 0.401915 0.000041 0.994310 0.027472 0.542785 
3.440000 0.871858 0.000004 0.998242 0.040154 0.494659 
3.460000 0.838828 0.000014 0.999918 0.057420 0.082958 
3.480000 0.372649 0.000121 0.999740 0.040333 0.101858 
3.500000 0.402093 0.000041 0.994315 0.027475 0.542729 
3.520000 0.871872 0.000004 0.998244 0.040155 0.494552 
3.540000 0.838847 0.000014 0.999918 0.057409 0.083014 
3.560000 0.372952 0.000121 0.999740 0.040328 0.101950 
3.580000 0.402514 0.000041 0.994328 0.027478 0.542699 
3.600000 0.872028 0.000004 0.998249 0.040157 0.494459 
3.620000 0.839039 0.000014 0.999918 0.057393 0.083121 
3.640000 0.373616 0.000121 0.999740 0.040322 0.102093 
3.660000 0.403324 0.000041 0.994356 0.027484 0.542591 
3.680000 0.872295 0.000004 0.998258 0.040160 0.494275 
3.700000 0.839353 0.000014 0.999919 0.057364 0.083306 
3.720000 0.374697 0.000120 0.999741 0.040312 0.102317 
3.740000 0.404554 0.000040 0.994400 0.027495 0.542322 
3.760000 0.872612 0.000004 0.998271 0.040162 0.493923 
3.780000 0.839705 0.000014 0.999919 0.057318 0.083574 
3.800000 0.376132 0.000120 0.999742 0.040299 0.102629 
3.820000 0.406118 0.000040 0.994458 0.027512 0.541859 
3.840000 0.872902 0.000004 0.998288 0.040164 0.493374 
3.860000 0.840002 0.000014 0.999919 0.057255 0.083907 
3.880000 0.377760 0.000119 0.999743 0.040283 0.103010 
3.900000 0.407836 0.000040 0.994524 0.027533 0.541223 
3.920000 0.873102 0.000004 0.998306 0.040165 0.492656 
3.940000 0.840172 0.000014 0.999919 0.057182 0.084272 
3.960000 0.379374 0.000118 0.999743 0.040265 0.103424 
3.980000 0.409498 0.000040 0.994589 0.027557 0.540483 
4.000000 0.873176 0.000004 0.998322 0.040165 0.491844 
4.020000 0.840180 0.000014 0.999919 0.057106 0.084624 
4.040000 0.380784 0.000117 0.999744 0.040247 0.103828 
4.060000 0.410921 0.000040 0.994646 0.027580 0.539736 
4.080000 0.873128 0.000004 0.998335 0.040165 0.491034 
4.100000 0.840044 0.000014 0.999918 0.057035 0.084929 
4.120000 0.381871 0.000117 0.999744 0.040231 0.104184 
4.140000 0.412007 0.000040 0.994690 0.027601 0.539075 
4.160000 0.873001 0.000004 0.998345 0.040164 0.490317 
4.180000 0.839824 0.000014 0.999918 0.056975 0.085168 
4.200000 0.382627 0.000116 0.999743 0.040218 0.104473 
4.220000 0.412771 0.000040 0.994720 0.027617 0.538562 
4.240000 0.872858 0.000004 0.998352 0.040163 0.489749 
4.260000 0.839603 0.000014 0.999918 0.056930 0.085343 
4.280000 0.383151 0.000116 0.999743 0.040207 0.104698 
4.300000 0.413334 0.000040 0.994742 0.027629 0.538207 
4.320000 0.872766 0.000004 0.998357 0.040163 0.489334 
4.340000 0.839463 0.000014 0.999918 0.056896 0.085481 
4.360000 0.383616 0.000116 0.999743 0.040198 0.104885 
4.380000 0.413881 0.000040 0.994761 0.027638 0.537966 
4.400000 0.872776 0.000004 0.998362 0.040165 0.489024 
4.420000 0.839456 0.000014 0.999918 0.056867 0.085618 
4.440000 0.384217 0.000116 0.999743 0.040189 0.105072 
4.460000 0.414604 0.000040 0.994784 0.027646 0.537759 
4.480000 0.872900 0.000004 0.998370 0.040167 0.488735 
4.500000 0.839590 0.000014 0.999918 0.056835 0.085794 
4.520000 0.385105 0.000115 0.999743 0.040179 0.105299 
4.540000 0.415641 0.000039 0.994819 0.027657 0.537492 
4.560000 0.873117 0.000004 0.998380 0.040169 0.488376 
4.580000 0.839827 0.000014 0.999918 0.056792 0.086036 
4.600000 0.386346 0.000115 0.999744 0.040167 0.105596 
4.620000 0.417036 0.000039 0.994866 0.027672 0.537088 
4.640000 0.873375 0.000004 0.998394 0.040171 0.487874 
4.660000 0.840097 0.000014 0.999918 0.056735 0.086352 
4.680000 0.387896 0.000114 0.999745 0.040151 0.105970 
4.700000 0.418724 0.000039 0.994924 0.027692 0.536510 
4.720000 0.873609 0.000004 0.998411 0.040173 0.487197 
4.740000 0.840319 0.000014 0.999918 0.056664 0.086728 
4.760000 0.389625 0.000113 0.999745 0.040133 0.106408 
4.780000 0.420558 0.000039 0.994988 0.027717 0.535772 
4.800000 0.873761 0.000004 0.998428 0.040174 0.486365 
4.820000 0.840425 0.000014 0.999918 0.056583 0.087135 
4.840000 0.391350 0.000112 0.999746 0.040114 0.106879 
4.860000 0.422349 0.000039 0.995052 0.027744 0.534937 
4.880000 0.873801 0.000004 0.998444 0.040174 0.485444 
4.900000 0.840388 0.000014 0.999918 0.056499 0.087533 
4.920000 0.392898 0.000112 0.999746 0.040094 0.107343 
4.940000 0.423934 0.000039 0.995109 0.027771 0.534093 
4.960000 0.873733 0.000004 0.998458 0.040173 0.484523 
4.980000 0.840223 0.000014 0.999918 0.056419 0.087889 
5.000000 0.394160 0.000111 0.999746 0.040076 0.107766 
5.020000 0.425220 0.000039 0.995156 0.027796 0.533329 
5.040000 0.873598 0.000004 0.998469 0.040173 0.483686 
5.060000 0.839986 0.000014 0.999917 0.056350 0.088185 
5.080000 0.395127 0.000110 0.999746 0.040060 0.108128 
5.100000 0.426223 0.000039 0.995192 0.027816 0.532704 
5.120000 0.873457 0.000004 0.998477 0.040172 0.482986 
5.140000 0.841428 0.000014 0.999917 0.056168 0.089589 
5.160000 0.405916 0.000106 0.999749 0.039884 0.111551 
5.180000 0.447154 0.000036 0.995568 0.027810 0.537927 
5.200000 0.886545 0.000004 0.998695 0.040351 0.483889 
5.220000 0.855904 0.000013 0.999924 0.055741 0.094432 
5.240000 0.439805 0.000094 0.999776 0.039714 0.117035 
5.260000 0.482931 0.000033 0.996526 0.028163 0.527270 
5.280000 0.892568 0.000004 0.998954 0.040381 0.471833 
5.300000 0.862677 0.000012 0.999926 0.054334 0.103888 
5.320000 0.482410 0.000080 0.999791 0.039382 0.127643 
5.340000 0.527120 0.000031 0.997464 0.028821 0.506969 
5.360000 0.894085 0.000004 0.999191 0.040350 0.450788 
5.380000 0.864426 0.000012 0.999923 0.052338 0.117177 
5.400000 0.531998 0.000066 0.999801 0.038961 0.142817 
5.420000 0.578377 0.000027 0.998253 0.029745 0.479511 
5.440000 0.892293 0.000005 0.999395 0.040310 0.422039 
5.460000 0.861740 0.000012 0.999917 0.049944 0.134211 
5.480000 0.586624 0.000053 0.999806 0.038493 0.162881 
5.500000 0.634924 0.000024 0.998850 0.030928 0.446910 
5.520000 0.888787 0.000006 0.999558 0.040213 0.390242 
5.540000 0.858612 0.000013 0.999909 0.047365 0.156310 
5.560000 0.648456 0.000040 0.999813 0.038075 0.187809 
5.580000 0.696440 0.000021 0.999286 0.032396 0.409833 
5.600000 0.884300 0.000007 0.999685 0.040033 0.357674 
5.620000 0.856886 0.000013 0.999900 0.044721 0.184713 
5.640000 0.715797 0.000029 0.999823 0.037785 0.217500 
5.660000 0.759309 0.000017 0.999578 0.034117 0.371763 
5.680000 0.880919 0.000008 0.999777 0.039742 0.329472 
5.700000 0.860164 0.000012 0.999892 0.042265 0.219502 
5.720000 0.783632 0.000020 0.999841 0.037721 0.249796 
5.740000 0.817602 0.000014 0.999752 0.035888 0.339876 
5.760000 0.882980 0.000009 0.999839 0.039349 0.312514 
5.780000 0.872518 0.000011 0.999889 0.040331 0.257983 
5.800000 0.844279 0.000014 0.999866 0.037911 0.281093 
5.820000 0.866295 0.000011 0.999847 0.037332 0.323245 
5.840000 0.895127 0.000008 0.999880 0.038948 0.312058 
5.860000 0.894768 0.000009 0.999898 0.039155 0.295600 
5.880000 0.892196 0.000009 0.999894 0.038222 0.310476 
5.900000 0.904913 0.000008 0.999896 0.038171 0.327925 
5.920000 0.917319 0.000007 0.999908 0.038687 0.329324 
5.940000 0.922541 0.000007 0.999916 0.038687 0.331982 
5.960000 0.928093 0.000006 0.999919 0.038476 0.343110 
5.980000 0.936113 0.000005 0.999924 0.038521 0.354418 
6.000000 0.943434 0.000005 0.999930 0.038638 0.363701 
6.020000 0.949558 0.000004 0.999935 0.038655 0.374584 
6.040000 0.955511 0.000004 0.999939 0.038665 0.387610 
6.060000 0.961297 0.000003 0.999943 0.038720 0.401661 
6.080000 0.966606 0.000003 0.999947 0.038783 0.416802 
6.100000 0.971436 0.000002 0.999950 0.038847 0.433425 
6.120000 0.975829 0.000002 0.999953 0.038923 0.451551 
6.140000 0.979769 0.000002 0.999956 0.039013 0.471146 
6.160000 0.983250 0.000001 0.999959 0.039114 0.492217 
6.180000 0.986283 0.000001 0.999962 0.039225 0.514732 
6.200000 0.988924 0.000001 0.999964 0.039324 0.539555 
6.220000 0.991221 0.000001 0.999967 0.039437 0.566437 
6.240000 0.992906 0.000001 0.999969 0.039825 0.584820 
6.260000 0.993545 0.000001 0.999971 0.040470 0.583008 
6.280000 0.993477 0.000001 0.999971 0.040434 0.582710 
6.300000 0.993467 0.000001 0.999971 0.040422 0.582767 
6.320000 0.993469 0.000001 0.999971 0.040423 0.582769 
6.340000 0.993469 0.000001 0.999971 0.040424 0.582768 
6.360000 0.993469 0.000001 0.999971 0.040424 0.582768 
6.380000 0.993469 0.000001 0.999971 0.040424 0.582768 
6.400000 0.993469 0.000001 0.999971 0.040424 0.582768 
6.420000 0.993469 0.000001 0.999971 0.040424 0.582768 
6.440000 0.993469 0.000001 0.999971 0.040424 0.582768 
6.460000 0.993469 0.000001 0.999971 0.040424 0.582768 
6.480000 0.993469 0.000001 0.999971 0.040424 0.582768 
6.500000 0.993469 0.000001 0.999971 0.040424 0.582768 
6.520000 0.993469 0.000001 0.999971 0.040424 0.582768 
6.540000 0.993469 0.000001 0.999971 0.040424 0.582768 
6.560000 0.993469 0.000001 0.999971 0.040424 0.582768 
6.580000 0.993469 0.000001 0.999971 0.040424 0.582768 
